2009-04-13 12:45:58,524 ERROR [JDBCExceptionReporter] Cannot create PoolableConnectionFactory (Io exception: The Network Adapter could not establish the connection)
2009-04-13 12:45:59,321 INFO  [LPLCInfoLogging] com.pearson.ed.lplc.services.impl.LicensePoolServiceImpl setLicensePoolConverter() Entering
2009-04-13 12:45:59,321 INFO  [LPLCInfoLogging] com.pearson.ed.lplc.services.impl.LicensePoolServiceImpl setLicensePoolConverter() Exiting
2009-04-13 12:45:59,321 INFO  [LPLCInfoLogging] com.pearson.ed.lplc.services.impl.LicensePoolServiceImpl setLicensePoolDAO() Entering
2009-04-13 12:45:59,321 INFO  [LPLCInfoLogging] com.pearson.ed.lplc.services.impl.LicensePoolServiceImpl setLicensePoolDAO() Exiting
2009-04-13 12:45:59,336 INFO  [LPLCInfoLogging] com.pearson.ed.lplc.services.impl.LicensePoolServiceEndPointImpl setLicensepoolService() Entering
2009-04-13 12:45:59,336 INFO  [LPLCInfoLogging] com.pearson.ed.lplc.services.impl.LicensePoolServiceEndPointImpl setLicensepoolService() Exiting
2009-04-13 12:45:59,336 INFO  [LPLCInfoLogging] com.pearson.ed.lplc.services.impl.LicensePoolServiceEndPointImpl setLicensePoolConverter() Entering
2009-04-13 12:45:59,336 INFO  [LPLCInfoLogging] com.pearson.ed.lplc.services.impl.LicensePoolServiceEndPointImpl setLicensePoolConverter() Exiting
2009-04-13 12:46:00,414 ERROR [JDBCExceptionReporter] Cannot create PoolableConnectionFactory (Io exception: The Network Adapter could not establish the connection)
2009-04-13 12:46:00,414 ERROR [JDBCExceptionReporter] Cannot create PoolableConnectionFactory (Io exception: The Network Adapter could not establish the connection)
2009-04-13 12:46:54,728 INFO  [LPLCInfoLogging] com.pearson.ed.lplc.services.impl.LicensePoolServiceImpl setLicensePoolConverter() Entering
2009-04-13 12:46:54,728 INFO  [LPLCInfoLogging] com.pearson.ed.lplc.services.impl.LicensePoolServiceImpl setLicensePoolConverter() Exiting
2009-04-13 12:46:54,728 INFO  [LPLCInfoLogging] com.pearson.ed.lplc.services.impl.LicensePoolServiceImpl setLicensePoolDAO() Entering
2009-04-13 12:46:54,728 INFO  [LPLCInfoLogging] com.pearson.ed.lplc.services.impl.LicensePoolServiceImpl setLicensePoolDAO() Exiting
2009-04-13 12:46:54,760 INFO  [LPLCInfoLogging] com.pearson.ed.lplc.services.impl.LicensePoolServiceEndPointImpl setLicensepoolService() Entering
2009-04-13 12:46:54,760 INFO  [LPLCInfoLogging] com.pearson.ed.lplc.services.impl.LicensePoolServiceEndPointImpl setLicensepoolService() Exiting
2009-04-13 12:46:54,760 INFO  [LPLCInfoLogging] com.pearson.ed.lplc.services.impl.LicensePoolServiceEndPointImpl setLicensePoolConverter() Entering
2009-04-13 12:46:54,760 INFO  [LPLCInfoLogging] com.pearson.ed.lplc.services.impl.LicensePoolServiceEndPointImpl setLicensePoolConverter() Exiting
2009-04-13 12:46:54,822 INFO  [LPLCInfoLogging] com.pearson.ed.lplc.dto.LicensePoolDTO setType() Entering
2009-04-13 12:46:54,822 INFO  [LPLCInfoLogging] com.pearson.ed.lplc.dto.LicensePoolDTO setType() Exiting
2009-04-13 12:46:54,822 INFO  [LPLCInfoLogging] com.pearson.ed.lplc.dto.LicensePoolDTO setDenyManualSubscription() Entering
2009-04-13 12:46:54,822 INFO  [LPLCInfoLogging] com.pearson.ed.lplc.dto.LicensePoolDTO setDenyManualSubscription() Exiting
2009-04-13 12:46:54,822 INFO  [LPLCInfoLogging] com.pearson.ed.lplc.dto.LicensePoolDTO setEndDate() Entering
2009-04-13 12:46:54,822 INFO  [LPLCInfoLogging] com.pearson.ed.lplc.dto.LicensePoolDTO setEndDate() Exiting
2009-04-13 12:46:54,822 INFO  [LPLCInfoLogging] com.pearson.ed.lplc.dto.LicensePoolDTO setStartDate() Entering
2009-04-13 12:46:54,822 INFO  [LPLCInfoLogging] com.pearson.ed.lplc.dto.LicensePoolDTO setStartDate() Exiting
2009-04-13 12:46:54,822 INFO  [LPLCInfoLogging] com.pearson.ed.lplc.dto.LicensePoolDTO setOrganizationId() Entering
2009-04-13 12:46:54,822 INFO  [LPLCInfoLogging] com.pearson.ed.lplc.dto.LicensePoolDTO setOrganizationId() Exiting
2009-04-13 12:46:54,822 INFO  [LPLCInfoLogging] com.pearson.ed.lplc.dto.LicensePoolDTO setProductId() Entering
2009-04-13 12:46:54,822 INFO  [LPLCInfoLogging] com.pearson.ed.lplc.dto.LicensePoolDTO setProductId() Exiting
2009-04-13 12:46:54,822 INFO  [LPLCInfoLogging] com.pearson.ed.lplc.dto.LicensePoolDTO setCreatedBy() Entering
2009-04-13 12:46:54,822 INFO  [LPLCInfoLogging] com.pearson.ed.lplc.dto.LicensePoolDTO setCreatedBy() Exiting
2009-04-13 12:46:54,822 INFO  [LPLCInfoLogging] com.pearson.ed.lplc.dto.LicensePoolDTO setQuantity() Entering
2009-04-13 12:46:54,822 INFO  [LPLCInfoLogging] com.pearson.ed.lplc.dto.LicensePoolDTO setQuantity() Exiting
2009-04-13 12:46:54,822 INFO  [LPLCInfoLogging] com.pearson.ed.lplc.dto.LicensePoolDTO setSourceSystem() Entering
2009-04-13 12:46:54,822 INFO  [LPLCInfoLogging] com.pearson.ed.lplc.dto.LicensePoolDTO setSourceSystem() Exiting
2009-04-13 12:46:54,822 INFO  [LPLCInfoLogging] com.pearson.ed.lplc.services.impl.LicensePoolServiceImpl createLicensePool() Entering
2009-04-13 12:46:54,822 INFO  [LPLCInfoLogging] com.pearson.ed.lplc.dto.LicensePoolDTO setMode() Entering
2009-04-13 12:46:54,822 INFO  [LPLCInfoLogging] com.pearson.ed.lplc.dto.LicensePoolDTO setMode() Exiting
2009-04-13 12:46:54,822 INFO  [LPLCInfoLogging] com.pearson.ed.lplc.dto.LicensePoolDTO getStartDate() Entering
2009-04-13 12:46:54,822 INFO  [LPLCInfoLogging] com.pearson.ed.lplc.dto.LicensePoolDTO getStartDate() Exiting
2009-04-13 12:46:54,822 INFO  [LPLCInfoLogging] com.pearson.ed.lplc.dto.LicensePoolDTO getEndDate() Entering
2009-04-13 12:46:54,822 INFO  [LPLCInfoLogging] com.pearson.ed.lplc.dto.LicensePoolDTO getEndDate() Exiting
2009-04-13 12:46:54,822 INFO  [LPLCInfoLogging] com.pearson.ed.lplc.dto.LicensePoolDTO setLicensePoolStatus() Entering
2009-04-13 12:46:54,822 INFO  [LPLCInfoLogging] com.pearson.ed.lplc.dto.LicensePoolDTO setLicensePoolStatus() Exiting
2009-04-13 12:46:54,822 INFO  [LPLCInfoLogging] com.pearson.ed.lplc.dto.LicensePoolDTO setOrganizationLevel() Entering
2009-04-13 12:46:54,853 INFO  [LPLCInfoLogging] com.pearson.ed.lplc.dto.LicensePoolDTO setOrganizationLevel() Exiting
2009-04-13 12:46:54,853 INFO  [LPLCInfoLogging] com.pearson.ed.lplc.services.converter.impl.LicensePoolConverterImpl convertLicensePoolToLicensePoolMapping() Entering
2009-04-13 12:46:54,853 INFO  [LPLCInfoLogging] com.pearson.ed.lplc.dto.LicensePoolDTO getMode() Entering
2009-04-13 12:46:54,853 INFO  [LPLCInfoLogging] com.pearson.ed.lplc.dto.LicensePoolDTO getMode() Exiting
2009-04-13 12:46:54,853 INFO  [LPLCInfoLogging] com.pearson.ed.lplc.services.converter.impl.LicensePoolConverterImpl buildLicensePoolMapping() Entering
2009-04-13 12:46:54,853 INFO  [LPLCInfoLogging] com.pearson.ed.lplc.dto.LicensePoolDTO getMode() Entering
2009-04-13 12:46:54,853 INFO  [LPLCInfoLogging] com.pearson.ed.lplc.dto.LicensePoolDTO getMode() Exiting
2009-04-13 12:46:54,853 INFO  [LPLCInfoLogging] com.pearson.ed.lplc.dto.LicensePoolDTO getType() Entering
2009-04-13 12:46:54,869 INFO  [LPLCInfoLogging] com.pearson.ed.lplc.dto.LicensePoolDTO getType() Exiting
2009-04-13 12:46:54,869 INFO  [LPLCInfoLogging] com.pearson.ed.lplc.model.LicensePoolMapping setType() Entering
2009-04-13 12:46:54,869 INFO  [LPLCInfoLogging] com.pearson.ed.lplc.model.LicensePoolMapping setType() Exiting
2009-04-13 12:46:54,869 INFO  [LPLCInfoLogging] com.pearson.ed.lplc.dto.LicensePoolDTO getLicensePoolStatus() Entering
2009-04-13 12:46:54,869 INFO  [LPLCInfoLogging] com.pearson.ed.lplc.dto.LicensePoolDTO getLicensePoolStatus() Exiting
2009-04-13 12:46:54,885 INFO  [LPLCInfoLogging] com.pearson.ed.lplc.model.LicensePoolMapping setStatus() Entering
2009-04-13 12:46:54,885 INFO  [LPLCInfoLogging] com.pearson.ed.lplc.model.LicensePoolMapping setStatus() Exiting
2009-04-13 12:46:54,885 INFO  [LPLCInfoLogging] com.pearson.ed.lplc.dto.LicensePoolDTO getDenyManualSubscription() Entering
2009-04-13 12:46:54,885 INFO  [LPLCInfoLogging] com.pearson.ed.lplc.dto.LicensePoolDTO getDenyManualSubscription() Exiting
2009-04-13 12:46:54,885 INFO  [LPLCInfoLogging] com.pearson.ed.lplc.model.LicensePoolMapping setDenyManualSubscription() Entering
2009-04-13 12:46:54,900 INFO  [LPLCInfoLogging] com.pearson.ed.lplc.model.LicensePoolMapping setDenyManualSubscription() Exiting
2009-04-13 12:46:54,900 INFO  [LPLCInfoLogging] com.pearson.ed.lplc.dto.LicensePoolDTO getStartDate() Entering
2009-04-13 12:46:54,900 INFO  [LPLCInfoLogging] com.pearson.ed.lplc.dto.LicensePoolDTO getStartDate() Exiting
2009-04-13 12:46:54,900 INFO  [LPLCInfoLogging] com.pearson.ed.lplc.model.LicensePoolMapping setStart_date() Entering
2009-04-13 12:46:54,900 INFO  [LPLCInfoLogging] com.pearson.ed.lplc.model.LicensePoolMapping setStart_date() Exiting
2009-04-13 12:46:54,931 INFO  [LPLCInfoLogging] com.pearson.ed.lplc.dto.LicensePoolDTO getEndDate() Entering
2009-04-13 12:46:54,931 INFO  [LPLCInfoLogging] com.pearson.ed.lplc.dto.LicensePoolDTO getEndDate() Exiting
2009-04-13 12:46:54,931 INFO  [LPLCInfoLogging] com.pearson.ed.lplc.model.LicensePoolMapping setEnd_date() Entering
2009-04-13 12:46:54,931 INFO  [LPLCInfoLogging] com.pearson.ed.lplc.model.LicensePoolMapping setEnd_date() Exiting
2009-04-13 12:46:54,931 INFO  [LPLCInfoLogging] com.pearson.ed.lplc.dto.LicensePoolDTO getQuantity() Entering
2009-04-13 12:46:54,931 INFO  [LPLCInfoLogging] com.pearson.ed.lplc.dto.LicensePoolDTO getQuantity() Exiting
2009-04-13 12:46:54,931 INFO  [LPLCInfoLogging] com.pearson.ed.lplc.model.LicensePoolMapping setQuantity() Entering
2009-04-13 12:46:54,947 INFO  [LPLCInfoLogging] com.pearson.ed.lplc.model.LicensePoolMapping setQuantity() Exiting
2009-04-13 12:46:54,947 INFO  [LPLCInfoLogging] com.pearson.ed.lplc.dto.LicensePoolDTO getUsedLicenses() Entering
2009-04-13 12:46:54,947 INFO  [LPLCInfoLogging] com.pearson.ed.lplc.dto.LicensePoolDTO getUsedLicenses() Exiting
2009-04-13 12:46:54,947 INFO  [LPLCInfoLogging] com.pearson.ed.lplc.model.LicensePoolMapping setUsed_quantity() Entering
2009-04-13 12:46:54,947 INFO  [LPLCInfoLogging] com.pearson.ed.lplc.model.LicensePoolMapping setUsed_quantity() Exiting
2009-04-13 12:46:54,963 INFO  [LPLCInfoLogging] com.pearson.ed.lplc.dto.LicensePoolDTO getSourceSystem() Entering
2009-04-13 12:46:54,963 INFO  [LPLCInfoLogging] com.pearson.ed.lplc.dto.LicensePoolDTO getSourceSystem() Exiting
2009-04-13 12:46:54,963 INFO  [LPLCInfoLogging] com.pearson.ed.lplc.model.LicensePoolMapping setSource_system() Entering
2009-04-13 12:46:54,963 INFO  [LPLCInfoLogging] com.pearson.ed.lplc.model.LicensePoolMapping setSource_system() Exiting
2009-04-13 12:46:54,963 INFO  [LPLCInfoLogging] com.pearson.ed.lplc.dto.LicensePoolDTO getOrganizationId() Entering
2009-04-13 12:46:54,963 INFO  [LPLCInfoLogging] com.pearson.ed.lplc.dto.LicensePoolDTO getOrganizationId() Exiting
2009-04-13 12:46:54,963 INFO  [LPLCInfoLogging] com.pearson.ed.lplc.model.LicensePoolMapping setOrg_id() Entering
2009-04-13 12:46:54,978 INFO  [LPLCInfoLogging] com.pearson.ed.lplc.model.LicensePoolMapping setOrg_id() Exiting
2009-04-13 12:46:54,978 INFO  [LPLCInfoLogging] com.pearson.ed.lplc.services.converter.impl.LicensePoolConverterImpl getProducts() Entering
2009-04-13 12:46:54,978 INFO  [LPLCInfoLogging] com.pearson.ed.lplc.dto.LicensePoolDTO getProductId() Entering
2009-04-13 12:46:54,978 INFO  [LPLCInfoLogging] com.pearson.ed.lplc.dto.LicensePoolDTO getProductId() Exiting
2009-04-13 12:46:54,978 INFO  [LPLCInfoLogging] com.pearson.ed.lplc.services.converter.impl.LicensePoolConverterImpl getProducts() Exiting
2009-04-13 12:46:55,010 INFO  [LPLCInfoLogging] com.pearson.ed.lplc.model.LicensePoolMapping setProducts() Entering
2009-04-13 12:46:55,010 INFO  [LPLCInfoLogging] com.pearson.ed.lplc.model.LicensePoolMapping setProducts() Exiting
2009-04-13 12:46:55,010 INFO  [LPLCInfoLogging] com.pearson.ed.lplc.dto.LicensePoolDTO getCreatedBy() Entering
2009-04-13 12:46:55,010 INFO  [LPLCInfoLogging] com.pearson.ed.lplc.dto.LicensePoolDTO getCreatedBy() Exiting
2009-04-13 12:46:55,010 INFO  [LPLCInfoLogging] com.pearson.ed.lplc.model.common.LPLCBaseEntity setCreatedBy() Entering
2009-04-13 12:46:55,010 INFO  [LPLCInfoLogging] com.pearson.ed.lplc.model.common.LPLCBaseEntity setCreatedBy() Exiting
2009-04-13 12:46:55,010 INFO  [LPLCInfoLogging] com.pearson.ed.lplc.services.converter.impl.LicensePoolConverterImpl setCreatedValues() Entering
2009-04-13 12:46:55,010 INFO  [LPLCInfoLogging] com.pearson.ed.lplc.model.common.LPLCBaseEntity getCreatedBy() Entering
2009-04-13 12:46:55,010 INFO  [LPLCInfoLogging] com.pearson.ed.lplc.model.common.LPLCBaseEntity getCreatedBy() Exiting
2009-04-13 12:46:55,010 INFO  [LPLCInfoLogging] com.pearson.ed.lplc.model.common.LPLCBaseEntity getCreatedDate() Entering
2009-04-13 12:46:55,025 INFO  [LPLCInfoLogging] com.pearson.ed.lplc.model.common.LPLCBaseEntity getCreatedDate() Exiting
2009-04-13 12:46:55,025 INFO  [LPLCInfoLogging] com.pearson.ed.lplc.model.common.LPLCBaseEntity setCreatedBy() Entering
2009-04-13 12:46:55,025 INFO  [LPLCInfoLogging] com.pearson.ed.lplc.model.common.LPLCBaseEntity setCreatedBy() Exiting
2009-04-13 12:46:55,025 INFO  [LPLCInfoLogging] com.pearson.ed.lplc.model.common.LPLCBaseEntity setCreatedDate() Entering
2009-04-13 12:46:55,025 INFO  [LPLCInfoLogging] com.pearson.ed.lplc.model.common.LPLCBaseEntity setCreatedDate() Exiting
2009-04-13 12:46:55,056 INFO  [LPLCInfoLogging] com.pearson.ed.lplc.services.converter.impl.LicensePoolConverterImpl setCreatedValues() Exiting
2009-04-13 12:46:55,056 INFO  [LPLCInfoLogging] com.pearson.ed.lplc.services.converter.impl.LicensePoolConverterImpl setModifiedValues() Entering
2009-04-13 12:46:55,056 INFO  [LPLCInfoLogging] com.pearson.ed.lplc.dto.LicensePoolDTO getLastUpdatedBy() Entering
2009-04-13 12:46:55,056 INFO  [LPLCInfoLogging] com.pearson.ed.lplc.dto.LicensePoolDTO getLastUpdatedBy() Exiting
2009-04-13 12:46:55,056 INFO  [LPLCInfoLogging] com.pearson.ed.lplc.dto.LicensePoolDTO getLastUpdatedDate() Entering
2009-04-13 12:46:55,056 INFO  [LPLCInfoLogging] com.pearson.ed.lplc.dto.LicensePoolDTO getLastUpdatedDate() Exiting
2009-04-13 12:46:55,056 INFO  [LPLCInfoLogging] com.pearson.ed.lplc.model.common.LPLCBaseEntity setLastUpdatedBy() Entering
2009-04-13 12:46:55,056 INFO  [LPLCInfoLogging] com.pearson.ed.lplc.model.common.LPLCBaseEntity setLastUpdatedBy() Exiting
2009-04-13 12:46:55,072 INFO  [LPLCInfoLogging] com.pearson.ed.lplc.model.common.LPLCBaseEntity setLastUpdatedDate() Entering
2009-04-13 12:46:55,072 INFO  [LPLCInfoLogging] com.pearson.ed.lplc.model.common.LPLCBaseEntity setLastUpdatedDate() Exiting
2009-04-13 12:46:55,072 INFO  [LPLCInfoLogging] com.pearson.ed.lplc.services.converter.impl.LicensePoolConverterImpl setModifiedValues() Exiting
2009-04-13 12:46:55,072 INFO  [LPLCInfoLogging] com.pearson.ed.lplc.services.converter.impl.LicensePoolConverterImpl buildLicensePoolMapping() Exiting
2009-04-13 12:46:55,088 INFO  [LPLCInfoLogging] com.pearson.ed.lplc.services.converter.impl.LicensePoolConverterImpl convertLicensePoolToLicensePoolMapping() Exiting
2009-04-13 12:46:55,088 INFO  [LPLCInfoLogging] com.pearson.ed.lplc.dao.impl.LicensePoolDAOImpl createLicensePool() Entering
2009-04-13 12:46:55,088 INFO  [LPLCInfoLogging] com.pearson.ed.lplc.dao.impl.common.LPLCBaseDAOImpl setCreateAndModifiedValues() Entering
2009-04-13 12:46:55,088 INFO  [LPLCInfoLogging] com.pearson.ed.lplc.dao.impl.common.LPLCBaseDAOImpl setCreatedValues() Entering
2009-04-13 12:46:55,088 INFO  [LPLCInfoLogging] com.pearson.ed.lplc.model.common.LPLCBaseEntity getCreatedBy() Entering
2009-04-13 12:46:55,103 INFO  [LPLCInfoLogging] com.pearson.ed.lplc.model.common.LPLCBaseEntity getCreatedBy() Exiting
2009-04-13 12:46:55,103 INFO  [LPLCInfoLogging] com.pearson.ed.lplc.model.common.LPLCBaseEntity getCreatedDate() Entering
2009-04-13 12:46:55,103 INFO  [LPLCInfoLogging] com.pearson.ed.lplc.model.common.LPLCBaseEntity getCreatedDate() Exiting
2009-04-13 12:46:55,103 INFO  [LPLCInfoLogging] com.pearson.ed.lplc.model.common.LPLCBaseEntity setCreatedBy() Entering
2009-04-13 12:46:55,103 INFO  [LPLCInfoLogging] com.pearson.ed.lplc.model.common.LPLCBaseEntity setCreatedBy() Exiting
2009-04-13 12:46:55,103 INFO  [LPLCInfoLogging] com.pearson.ed.lplc.model.common.LPLCBaseEntity setCreatedDate() Entering
2009-04-13 12:46:55,103 INFO  [LPLCInfoLogging] com.pearson.ed.lplc.model.common.LPLCBaseEntity setCreatedDate() Exiting
2009-04-13 12:46:55,103 INFO  [LPLCInfoLogging] com.pearson.ed.lplc.dao.impl.common.LPLCBaseDAOImpl setCreatedValues() Exiting
2009-04-13 12:46:55,135 INFO  [LPLCInfoLogging] com.pearson.ed.lplc.dao.impl.common.LPLCBaseDAOImpl setModifiedValues() Entering
2009-04-13 12:46:55,135 INFO  [LPLCInfoLogging] com.pearson.ed.lplc.model.common.LPLCBaseEntity getLastUpdatedBy() Entering
2009-04-13 12:46:55,135 INFO  [LPLCInfoLogging] com.pearson.ed.lplc.model.common.LPLCBaseEntity getLastUpdatedBy() Exiting
2009-04-13 12:46:55,135 INFO  [LPLCInfoLogging] com.pearson.ed.lplc.model.common.LPLCBaseEntity getLastUpdatedDate() Entering
2009-04-13 12:46:55,135 INFO  [LPLCInfoLogging] com.pearson.ed.lplc.model.common.LPLCBaseEntity getLastUpdatedDate() Exiting
2009-04-13 12:46:55,150 INFO  [LPLCInfoLogging] com.pearson.ed.lplc.model.common.LPLCBaseEntity setLastUpdatedBy() Entering
2009-04-13 12:46:55,150 INFO  [LPLCInfoLogging] com.pearson.ed.lplc.model.common.LPLCBaseEntity setLastUpdatedBy() Exiting
2009-04-13 12:46:55,150 INFO  [LPLCInfoLogging] com.pearson.ed.lplc.model.common.LPLCBaseEntity setLastUpdatedDate() Entering
2009-04-13 12:46:55,150 INFO  [LPLCInfoLogging] com.pearson.ed.lplc.model.common.LPLCBaseEntity setLastUpdatedDate() Exiting
2009-04-13 12:46:55,150 INFO  [LPLCInfoLogging] com.pearson.ed.lplc.dao.impl.common.LPLCBaseDAOImpl setModifiedValues() Exiting
2009-04-13 12:46:55,150 INFO  [LPLCInfoLogging] com.pearson.ed.lplc.dao.impl.common.LPLCBaseDAOImpl setCreateAndModifiedValues() Exiting
2009-04-13 12:46:55,181 INFO  [LPLCInfoLogging] com.pearson.ed.lplc.dao.impl.LicensePoolDAOImpl createLicensePool() Exiting
2009-04-13 12:46:55,181 INFO  [LPLCInfoLogging] com.pearson.ed.lplc.model.LicensePoolMapping getLicensepoolId() Entering
2009-04-13 12:46:55,181 INFO  [LPLCInfoLogging] com.pearson.ed.lplc.model.LicensePoolMapping getLicensepoolId() Exiting
2009-04-13 12:46:55,181 INFO  [LPLCInfoLogging] com.pearson.ed.lplc.services.impl.LicensePoolServiceImpl createLicensePool() Exiting
